2025-04-08 00:20:59.643993 - Received CBT.V508.FILE013.PDS from FILE013.XMI 
2025-04-08 00:20:59.650927 - Found $$$#DATE.txt (text/plain) in CBT.V508.FILE013.PDS, moved to PDS/$$$#DATE
2025-04-08 00:20:59.652510 - Found $$$DISC.txt (text/plain) in CBT.V508.FILE013.PDS, moved to PDS/$$$DISC
2025-04-08 00:20:59.654056 - Found $$$DOC.txt (text/plain) in CBT.V508.FILE013.PDS, moved to PDS/$$$DOC
2025-04-08 00:20:59.655790 - Found $$INDEX.txt (text/plain) in CBT.V508.FILE013.PDS, moved to PDS/$$INDEX
2025-04-08 00:20:59.657731 - Found $$THANKS.txt (text/plain) in CBT.V508.FILE013.PDS, moved to PDS/$$THANKS
2025-04-08 00:20:59.659375 - Found $NOPROP.txt (text/plain) in CBT.V508.FILE013.PDS, moved to PDS/$NOPROP
2025-04-08 00:20:59.661016 - Found @FILE013.txt (text/plain) in CBT.V508.FILE013.PDS, moved to PDS/@FILE013
2025-04-08 00:20:59.662899 - Found ACFEXIT.txt (text/plain) in CBT.V508.FILE013.PDS, moved to PDS/ACFEXIT
2025-04-08 00:20:59.665005 - Found CLEANACL.txt (text/plain) in CBT.V508.FILE013.PDS, moved to PDS/CLEANACL
2025-04-08 00:20:59.666738 - Found DSAEXIT.txt (text/plain) in CBT.V508.FILE013.PDS, moved to PDS/DSAEXIT
2025-04-08 00:20:59.668251 - Found ICHPWX01.txt (text/plain) in CBT.V508.FILE013.PDS, moved to PDS/ICHPWX01
2025-04-08 00:20:59.670008 - Found ICHRCX01.txt (text/plain) in CBT.V508.FILE013.PDS, moved to PDS/ICHRCX01
2025-04-08 00:20:59.671576 - Found ICHRCX02.txt (text/plain) in CBT.V508.FILE013.PDS, moved to PDS/ICHRCX02
2025-04-08 00:20:59.673078 - Found ICHRDSNU.txt (text/plain) in CBT.V508.FILE013.PDS, moved to PDS/ICHRDSNU
2025-04-08 00:20:59.674500 - Found ICHRDX01.txt (text/plain) in CBT.V508.FILE013.PDS, moved to PDS/ICHRDX01
2025-04-08 00:20:59.676212 - Found IGC0023I.txt (text/plain) in CBT.V508.FILE013.PDS, moved to PDS/IGC0023I
2025-04-08 00:20:59.677874 - Found JESEXIT2.txt (text/plain) in CBT.V508.FILE013.PDS, moved to PDS/JESEXIT2
2025-04-08 00:20:59.679788 - Found JES020.txt (text/plain) in CBT.V508.FILE013.PDS, moved to PDS/JES020
2025-04-08 00:20:59.681124 - Found JES020S.txt (text/plain) in CBT.V508.FILE013.PDS, moved to PDS/JES020S
2025-04-08 00:20:59.682910 - Found JOBACESS.txt (text/plain) in CBT.V508.FILE013.PDS, moved to PDS/JOBACESS
2025-04-08 00:20:59.684526 - Found JOBACOPY.txt (text/plain) in CBT.V508.FILE013.PDS, moved to PDS/JOBACOPY
2025-04-08 00:20:59.686101 - Found LISTRP.txt (text/plain) in CBT.V508.FILE013.PDS, moved to PDS/LISTRP
2025-04-08 00:20:59.687632 - Found LISTU.txt (text/plain) in CBT.V508.FILE013.PDS, moved to PDS/LISTU
2025-04-08 00:20:59.689134 - Found MACROS.txt (text/plain) in CBT.V508.FILE013.PDS, moved to PDS/MACROS
2025-04-08 00:20:59.690551 - Found NJEPROP1.txt (text/plain) in CBT.V508.FILE013.PDS, moved to PDS/NJEPROP1
2025-04-08 00:20:59.692268 - Found NJEPROP2.txt (text/plain) in CBT.V508.FILE013.PDS, moved to PDS/NJEPROP2
2025-04-08 00:20:59.693775 - Found NJEPROP3.txt (text/plain) in CBT.V508.FILE013.PDS, moved to PDS/NJEPROP3
2025-04-08 00:20:59.695521 - Found OMRACF.txt (text/plain) in CBT.V508.FILE013.PDS, moved to PDS/OMRACF
2025-04-08 00:20:59.696954 - Found OUSRSCT.txt (text/plain) in CBT.V508.FILE013.PDS, moved to PDS/OUSRSCT
2025-04-08 00:20:59.698353 - Found RACFALT.txt (text/plain) in CBT.V508.FILE013.PDS, moved to PDS/RACFALT
2025-04-08 00:20:59.699878 - Found RACFDOC.txt (text/plain) in CBT.V508.FILE013.PDS, moved to PDS/RACFDOC
2025-04-08 00:20:59.701406 - Found RACFDSET.txt (text/plain) in CBT.V508.FILE013.PDS, moved to PDS/RACFDSET
2025-04-08 00:20:59.703132 - Found RACFGRES.txt (text/plain) in CBT.V508.FILE013.PDS, moved to PDS/RACFGRES
2025-04-08 00:20:59.704564 - Found RACFGRP1.txt (text/plain) in CBT.V508.FILE013.PDS, moved to PDS/RACFGRP1
2025-04-08 00:20:59.706052 - Found RACFGRP2.txt (text/plain) in CBT.V508.FILE013.PDS, moved to PDS/RACFGRP2
2025-04-08 00:20:59.707470 - Found RACFLIST.txt (text/plain) in CBT.V508.FILE013.PDS, moved to PDS/RACFLIST
2025-04-08 00:20:59.709118 - Found RACFPROF.txt (text/plain) in CBT.V508.FILE013.PDS, moved to PDS/RACFPROF
2025-04-08 00:20:59.710707 - Found RACFPROT.txt (text/plain) in CBT.V508.FILE013.PDS, moved to PDS/RACFPROT
2025-04-08 00:20:59.712643 - Found RACFRPT.txt (text/plain) in CBT.V508.FILE013.PDS, moved to PDS/RACFRPT
2025-04-08 00:20:59.714180 - Found RACFSAMP.txt (text/plain) in CBT.V508.FILE013.PDS, moved to PDS/RACFSAMP
2025-04-08 00:20:59.715637 - Found RACFSUMM.txt (text/plain) in CBT.V508.FILE013.PDS, moved to PDS/RACFSUMM
2025-04-08 00:20:59.717156 - Found RACFTSO5.jcl (text/plain) in CBT.V508.FILE013.PDS, moved to PDS/RACFTSO5
2025-04-08 00:20:59.719124 - Found RACFUSER.jcl (text/plain) in CBT.V508.FILE013.PDS, moved to PDS/RACFUSER
2025-04-08 00:20:59.720710 - Found RACFUSR.txt (text/plain) in CBT.V508.FILE013.PDS, moved to PDS/RACFUSR
2025-04-08 00:20:59.774050 - Found RACRIX01.txt (text/plain) in CBT.V508.FILE013.PDS, moved to PDS/RACRIX01
2025-04-08 00:20:59.775552 - Found RACRIX02.txt (text/plain) in CBT.V508.FILE013.PDS, moved to PDS/RACRIX02
2025-04-08 00:20:59.777442 - Found RGROUP.txt (text/plain) in CBT.V508.FILE013.PDS, moved to PDS/RGROUP
2025-04-08 00:20:59.779011 - Found SACXTRT.txt (text/plain) in CBT.V508.FILE013.PDS, moved to PDS/SACXTRT
2025-04-08 00:20:59.780678 - Found SAGXTRT.txt (text/plain) in CBT.V508.FILE013.PDS, moved to PDS/SAGXTRT
2025-04-08 00:20:59.782294 - Found SANOADSP.txt (text/plain) in CBT.V508.FILE013.PDS, moved to PDS/SANOADSP
2025-04-08 00:20:59.783764 - Found SAPXTRT.txt (text/plain) in CBT.V508.FILE013.PDS, moved to PDS/SAPXTRT
2025-04-08 00:20:59.785251 - Found SARUSRUX.txt (text/plain) in CBT.V508.FILE013.PDS, moved to PDS/SARUSRUX
2025-04-08 00:20:59.786690 - Found SASRGEN.jcl (text/plain) in CBT.V508.FILE013.PDS, moved to PDS/SASRGEN
2025-04-08 00:20:59.788234 - Found SASRLIST.jcl (text/plain) in CBT.V508.FILE013.PDS, moved to PDS/SASRLIST
2025-04-08 00:20:59.789863 - Found SASSXXL1.txt (text/plain) in CBT.V508.FILE013.PDS, moved to PDS/SASSXXL1
2025-04-08 00:20:59.791251 - Found SAUNMASK.txt (text/plain) in CBT.V508.FILE013.PDS, moved to PDS/SAUNMASK
2025-04-08 00:20:59.792772 - Found SAUXTRT.txt (text/plain) in CBT.V508.FILE013.PDS, moved to PDS/SAUXTRT
2025-04-08 00:20:59.794394 - Found SETPW.txt (text/plain) in CBT.V508.FILE013.PDS, moved to PDS/SETPW
2025-04-08 00:20:59.795954 - Found SETPW2.txt (text/plain) in CBT.V508.FILE013.PDS, moved to PDS/SETPW2
2025-04-08 00:20:59.797690 - Found SETPW2A.txt (text/plain) in CBT.V508.FILE013.PDS, moved to PDS/SETPW2A
2025-04-08 00:20:59.799669 - Found SETUSER.txt (text/plain) in CBT.V508.FILE013.PDS, moved to PDS/SETUSER
2025-04-08 00:20:59.801247 - Found SETUSERH.txt (text/plain) in CBT.V508.FILE013.PDS, moved to PDS/SETUSERH
2025-04-08 00:20:59.802752 - Found SETUSERS.txt (text/plain) in CBT.V508.FILE013.PDS, moved to PDS/SETUSERS
2025-04-08 00:20:59.804399 - Found STARTASK.txt (text/plain) in CBT.V508.FILE013.PDS, moved to PDS/STARTASK
2025-04-08 00:20:59.806237 - Found SUBEXIT.txt (text/plain) in CBT.V508.FILE013.PDS, moved to PDS/SUBEXIT
2025-04-08 00:20:59.807636 - Found TECZ00.txt (text/plain) in CBT.V508.FILE013.PDS, moved to PDS/TECZ00
2025-04-08 00:20:59.809353 - Found TEC107.txt (text/plain) in CBT.V508.FILE013.PDS, moved to PDS/TEC107
2025-04-08 00:20:59.810804 - Found TMPFRONT.txt (text/plain) in CBT.V508.FILE013.PDS, moved to PDS/TMPFRONT
2025-04-08 00:20:59.812484 - Found TMS#RACF.txt (text/plain) in CBT.V508.FILE013.PDS, moved to PDS/TMS#RACF
2025-04-08 00:20:59.814257 - Found TSOSUB01.txt (text/plain) in CBT.V508.FILE013.PDS, moved to PDS/TSOSUB01
2025-04-08 00:20:59.816262 - Found UADSDUMP.txt (text/plain) in CBT.V508.FILE013.PDS, moved to PDS/UADSDUMP
2025-04-08 00:20:59.817823 - Found UADSREF.txt (text/plain) in CBT.V508.FILE013.PDS, moved to PDS/UADSREF
2025-04-08 00:20:59.819544 - Found UCC7DSNX.txt (text/plain) in CBT.V508.FILE013.PDS, moved to PDS/UCC7DSNX
2025-04-08 00:20:59.821197 - Found UCC7LOGF.txt (text/plain) in CBT.V508.FILE013.PDS, moved to PDS/UCC7LOGF
2025-04-08 00:20:59.822834 - Found UCC7LOGO.txt (text/plain) in CBT.V508.FILE013.PDS, moved to PDS/UCC7LOGO
2025-04-08 00:20:59.824316 - Found UNPROTCT.txt (text/plain) in CBT.V508.FILE013.PDS, moved to PDS/UNPROTCT
2025-04-08 00:20:59.825859 - Found USRSCT.txt (text/plain) in CBT.V508.FILE013.PDS, moved to PDS/USRSCT
2025-04-08 00:20:59.827438 - Found USRSVT.txt (text/plain) in CBT.V508.FILE013.PDS, moved to PDS/USRSVT
2025-04-08 00:20:59.829134 - Found VLOGON.jcl (text/plain) in CBT.V508.FILE013.PDS, moved to PDS/VLOGON
2025-04-08 00:20:59.830502 - Found VLOGONP.txt (text/plain) in CBT.V508.FILE013.PDS, moved to PDS/VLOGONP
2025-04-08 00:20:59.832151 - Found WHOIS.txt (text/plain) in CBT.V508.FILE013.PDS, moved to PDS/WHOIS
2025-04-08 00:20:59.833587 - Found WHOIS$.jcl (text/plain) in CBT.V508.FILE013.PDS, moved to PDS/WHOIS$
2025-04-08 00:20:59.835147 - Found WHOIS01.txt (text/plain) in CBT.V508.FILE013.PDS, moved to PDS/WHOIS01
2025-04-08 00:20:59.836672 - Found WPC.txt (text/plain) in CBT.V508.FILE013.PDS, moved to PDS/WPC
2025-04-08 00:20:59.838256 - Found ZAPDFP.txt (text/plain) in CBT.V508.FILE013.PDS, moved to PDS/ZAPDFP
2025-04-08 00:20:59.839771 - Found ZAPDFPO.txt (text/plain) in CBT.V508.FILE013.PDS, moved to PDS/ZAPDFPO
